------------------------------------------------------------------------
Job Started on Fri 22 Aug 2025 17:39:57 AEST
------------------------------------------------------------------------
------------------------------------------------------------------------
CPU Information:
Architecture:                       x86_64
CPU op-mode(s):                     32-bit, 64-bit
Address sizes:                      46 bits physical, 48 bits virtual
Byte Order:                         Little Endian
CPU(s):                             128
On-line CPU(s) list:                0-127
Vendor ID:                          GenuineIntel
Model name:                         Intel(R) Xeon(R) Gold 6130 CPU @ 2.10GHz
CPU family:                         6
Model:                              85
Thread(s) per core:                 2
Core(s) per socket:                 16
Socket(s):                          4
Stepping:                           4
CPU(s) scaling MHz:                 64%
CPU max MHz:                        3700.0000
CPU min MHz:                        1000.0000
BogoMIPS:                           4200.00
Flags:                              fpu vme de pse tsc msr pae mce cx8 apic sep mtrr pge mca cmov pat pse36 clflush dts acpi mmx fxsr sse sse2 ss ht tm pbe syscall nx pdpe1gb rdtscp lm constant_tsc art arch_perfmon pebs bts rep_good nopl xtopology nonstop_tsc cpuid aperfmperf pni pclmulqdq dtes64 monitor ds_cpl vmx smx est tm2 ssse3 sdbg fma cx16 xtpr pdcm pcid dca sse4_1 sse4_2 x2apic movbe popcnt tsc_deadline_timer aes xsave avx f16c rdrand lahf_lm abm 3dnowprefetch cpuid_fault epb cat_l3 cdp_l3 invpcid_single pti intel_ppin ssbd mba ibrs ibpb stibp tpr_shadow flexpriority ept vpid ept_ad fsgsbase tsc_adjust bmi1 hle avx2 smep bmi2 erms invpcid rtm cqm mpx rdt_a avx512f avx512dq rdseed adx smap clflushopt clwb intel_pt avx512cd avx512bw avx512vl xsaveopt xsavec xgetbv1 xsaves cqm_llc cqm_occup_llc cqm_mbm_total cqm_mbm_local dtherm ida arat pln pts hwp hwp_act_window hwp_epp hwp_pkg_req vnmi pku ospke md_clear flush_l1d arch_capabilities
Virtualization:                     VT-x
L1d cache:                          2 MiB (64 instances)
L1i cache:                          2 MiB (64 instances)
L2 cache:                           64 MiB (64 instances)
L3 cache:                           88 MiB (4 instances)
NUMA node(s):                       4
NUMA node0 CPU(s):                  0-15,64-79
NUMA node1 CPU(s):                  16-31,80-95
NUMA node2 CPU(s):                  32-47,96-111
NUMA node3 CPU(s):                  48-63,112-127
Vulnerability Gather data sampling: Mitigation; Microcode
Vulnerability Itlb multihit:        KVM: Mitigation: VMX disabled
Vulnerability L1tf:                 Mitigation; PTE Inversion; VMX conditional cache flushes, SMT vulnerable
Vulnerability Mds:                  Mitigation; Clear CPU buffers; SMT vulnerable
Vulnerability Meltdown:             Mitigation; PTI
Vulnerability Mmio stale data:      Mitigation; Clear CPU buffers; SMT vulnerable
Vulnerability Retbleed:             Mitigation; IBRS
Vulnerability Spec rstack overflow: Not affected
Vulnerability Spec store bypass:    Mitigation; Speculative Store Bypass disabled via prctl
Vulnerability Spectre v1:           Mitigation; usercopy/swapgs barriers and __user pointer sanitization
Vulnerability Spectre v2:           Mitigation; IBRS, IBPB conditional, STIBP conditional, RSB filling, PBRSB-eIBRS Not affected
Vulnerability Srbds:                Not affected
Vulnerability Tsx async abort:      Mitigation; Clear CPU buffers; SMT vulnerable
------------------------------------------------------------------------
Memory Information:
               total        used        free      shared  buff/cache   available
Mem:         1546277       49335      456218        2115     1051104     1496941
Swap:              0           0           0
------------------------------------------------------------------------
Disk Space:
Filesystem                         Size  Used Avail Use% Mounted on
devtmpfs                           4.0M     0  4.0M   0% /dev
tmpfs                              756G  4.0M  756G   1% /dev/shm
tmpfs                              303G  2.1G  300G   1% /run
/dev/mapper/rhel-root               10G  684M  9.4G   7% /
/dev/mapper/rhel-usr                35G   14G   22G  40% /usr
/dev/sda2                         1014M  367M  648M  37% /boot
/dev/mapper/rhel-var                10G  1.3G  8.8G  13% /var
/dev/mapper/rhel-tmp                20G  1.3G   19G   7% /tmp
/dev/sda1                          200M  7.1M  193M   4% /boot/efi
vast.hpc.wehi.edu.au:/cryoem       300T  274T   27T  92% /vast/cryoem
vast.hpc.wehi.edu.au:/imaging      200T  152T   49T  76% /vast/imaging
vast.hpc.wehi.edu.au:/scratch      550T  427T  124T  78% /vast/scratch
vast.hpc.wehi.edu.au:/ai_projects  600T   25T  576T   5% /vast/ai_projects
vast.hpc.wehi.edu.au:/projects     575T  433T  143T  76% /vast/projects
Bioinf                             504T  478T   27T  95% /stornext/Bioinf
General                            504T  291T  214T  58% /stornext/General
Genomics                            64T   34T   31T  52% /stornext/Genomics
Home                                96T   41T   56T  42% /stornext/Home
ImageData                          252T  190T   63T  76% /stornext/ImageData
Img                                252T  240T   13T  95% /stornext/Img
Projects                           504T  328T  177T  65% /stornext/Projects
SBPM                                48T   29T   20T  60% /stornext/SBPM
Sysbio                              96T   57T   40T  59% /stornext/Sysbio
System                              24T  8.9T   16T  37% /stornext/System
Archive                             84T   45T   40T  53% /stornext/Archive
------------------------------------------------------------------------
System and Kernel:
Linux lrg-n03.hpc.wehi.edu.au 5.14.0-362.24.1.el9_3.x86_64 #1 SMP PREEMPT_DYNAMIC Thu Feb 15 07:18:13 EST 2024 x86_64 x86_64 x86_64 GNU/Linux
------------------------------------------------------------------------
Loading R/4.5.0
  Loading requirement: libpng/1.6.43 libjpeg-turbo/3.0.2 libtiff/4.6.0
    ninja/1.11.1 bzip2/1.0.8 hdf5/1.12.3 pcre2/10.42 openjdk/21.0.2 cairo/1.19.0
Loading gdal/3.9.0
  Loading requirement: proj/9.4.0 netcdf/4.9.2 mariadb-connector-c/3.3.10
[1] 574818     10
------------------------------------------------------------------------
Job Completed on Fri 22 Aug 2025 21:45:50 AEST
------------------------------------------------------------------------
