/var/spool/slurmd/job23669981/slurm_script: line 32: msg: command not found
/var/spool/slurmd/job23669981/slurm_script: line 33: msg: command not found
/var/spool/slurmd/job23669981/slurm_script: line 34: msg: command not found
/var/spool/slurmd/job23669981/slurm_script: line 35: msg: command not found
/var/spool/slurmd/job23669981/slurm_script: line 36: msg: command not found
/var/spool/slurmd/job23669981/slurm_script: line 37: msg: command not found
/var/spool/slurmd/job23669981/slurm_script: line 38: msg: command not found
/var/spool/slurmd/job23669981/slurm_script: line 39: msg: command not found
Warning message:
package ‘jazzPanda’ was built under R version 4.5.1 
Loading required package: SeuratObject
Loading required package: sp

Attaching package: ‘SeuratObject’

The following objects are masked from ‘package:base’:

    intersect, t

Registered S3 method overwritten by 'spatstat.explore':
  method   from
  plot.roc pROC
Warning message:
package ‘SeuratObject’ was built under R version 4.5.1 
Warning message:
package ‘data.table’ was built under R version 4.5.1 

Attaching package: ‘dplyr’

The following objects are masked from ‘package:data.table’:

    between, first, last

The following objects are masked from ‘package:stats’:

    filter, lag

The following objects are masked from ‘package:base’:

    intersect, setdiff, setequal, union

Loading required package: Matrix
Loaded glmnet 4.1-10
Warning message:
package ‘glmnet’ was built under R version 4.5.1 
Loading required package: ggplot2
Loading required package: lattice
Warning message:
package ‘edgeR’ was built under R version 4.5.1 
Warning messages:
1: 1 point was rejected as lying outside the specified window 
2: 3 points were rejected as lying outside the specified window 
3: 3 points were rejected as lying outside the specified window 
4: 1 point was rejected as lying outside the specified window 
5: 2 points were rejected as lying outside the specified window 
6: 1 point was rejected as lying outside the specified window 
Correlation Method = spearman
Running 5000 permutation with 5 cores in parallel
Warning messages:
1: 1 point was rejected as lying outside the specified window 
2: 3 points were rejected as lying outside the specified window 
3: 3 points were rejected as lying outside the specified window 
4: 1 point was rejected as lying outside the specified window 
5: 2 points were rejected as lying outside the specified window 
6: 1 point was rejected as lying outside the specified window 
Warning: Data is of class matrix. Coercing to dgCMatrix.
Warning: The default method for RunUMAP has changed from calling Python UMAP via reticulate to the R-native UWOT using the cosine metric
To use Python UMAP via reticulate, set umap.method to 'umap-learn' and metric to 'correlation'
This message will be shown once per session
02:30:53 UMAP embedding parameters a = 0.9922 b = 1.112
02:30:53 Read 574818 rows and found 20 numeric columns
02:30:53 Using Annoy for neighbor search, n_neighbors = 30
02:30:53 Building Annoy index with metric = cosine, n_trees = 50
0%   10   20   30   40   50   60   70   80   90   100%
[----|----|----|----|----|----|----|----|----|----|
**************************************************|
02:32:08 Writing NN index file to temp file /vast/projects/xenium_5k/jazzPanda_analysis/tmp.h1hikmmuwA/RtmpQL45ht/file2bcda700e75fe
02:32:09 Searching Annoy index using 1 thread, search_k = 3000
02:37:29 Annoy recall = 100%
02:37:32 Commencing smooth kNN distance calibration using 1 thread with target n_neighbors = 30
02:38:10 Initializing from normalized Laplacian + noise (using RSpectra)
02:39:03 Commencing optimization for 200 epochs, with 26471294 positive edges
02:39:03 Using rng type: pcg
Using method 'umap'
0%   10   20   30   40   50   60   70   80   90   100%
[----|----|----|----|----|----|----|----|----|----|
**************************************************|
02:44:38 Optimization finished
Calculating cluster c0
Calculating cluster c1
Calculating cluster c2
Calculating cluster c3
Calculating cluster c4
Calculating cluster c5
Calculating cluster c6
Calculating cluster c7
Calculating cluster c8
Calculating cluster c9
Calculating cluster c10
Calculating cluster c11
Calculating cluster c12
Calculating cluster c13
Calculating cluster c14
Calculating cluster c15
Warning messages:
1: The `slot` argument of `GetAssayData()` is deprecated as of SeuratObject 5.0.0.
ℹ Please use the `layer` argument instead.
ℹ The deprecated feature was likely used in the Seurat package.
  Please report the issue at <https://github.com/satijalab/seurat/issues>. 
2: `PackageCheck()` was deprecated in SeuratObject 5.0.0.
ℹ Please use `rlang::check_installed()` instead.
ℹ The deprecated feature was likely used in the Seurat package.
  Please report the issue at <https://github.com/satijalab/seurat/issues>. 
	Command being timed: "Rscript mg_merscope_human_breast_cancer.R"
	User time (seconds): 3352.64
	System time (seconds): 711.24
	Percent of CPU this job got: 51%
	Elapsed (wall clock) time (h:mm:ss or m:ss): 2:12:23
	Average shared text size (kbytes): 0
	Average unshared data size (kbytes): 0
	Average stack size (kbytes): 0
	Average total size (kbytes): 0
	Maximum resident set size (kbytes): 91850020
	Average resident set size (kbytes): 0
	Major (requiring I/O) page faults: 9821572
	Minor (reclaiming a frame) page faults: 116231902
	Voluntary context switches: 46693101
	Involuntary context switches: 23773
	Swaps: 0
	File system inputs: 78715480
	File system outputs: 3567152
	Socket messages sent: 0
	Socket messages received: 0
	Signals delivered: 0
	Page size (bytes): 4096
	Exit status: 0
