/var/spool/slurmd/job23669980/slurm_script: line 32: msg: command not found
/var/spool/slurmd/job23669980/slurm_script: line 33: msg: command not found
/var/spool/slurmd/job23669980/slurm_script: line 34: msg: command not found
/var/spool/slurmd/job23669980/slurm_script: line 35: msg: command not found
/var/spool/slurmd/job23669980/slurm_script: line 36: msg: command not found
/var/spool/slurmd/job23669980/slurm_script: line 37: msg: command not found
/var/spool/slurmd/job23669980/slurm_script: line 38: msg: command not found
/var/spool/slurmd/job23669980/slurm_script: line 39: msg: command not found
Warning message:
package ‘jazzPanda’ was built under R version 4.5.1 
Loading required package: SeuratObject
Loading required package: sp

Attaching package: ‘SeuratObject’

The following objects are masked from ‘package:base’:

    intersect, t

Registered S3 method overwritten by 'spatstat.explore':
  method   from
  plot.roc pROC
Warning message:
package ‘SeuratObject’ was built under R version 4.5.1 
Warning message:
package ‘data.table’ was built under R version 4.5.1 

Attaching package: ‘dplyr’

The following objects are masked from ‘package:data.table’:

    between, first, last

The following objects are masked from ‘package:stats’:

    filter, lag

The following objects are masked from ‘package:base’:

    intersect, setdiff, setequal, union

Loading required package: Matrix
Loaded glmnet 4.1-10
Warning message:
package ‘glmnet’ was built under R version 4.5.1 
Loading required package: ggplot2
Loading required package: lattice
Warning message:
package ‘edgeR’ was built under R version 4.5.1 
10X data contains more than one type and is being returned as a list containing matrices of each type.
Warning message:
In asMethod(object) :
  sparse->dense coercion: allocating vector of size 1.6 GiB
Warning: Data is of class matrix. Coercing to dgCMatrix.
Warning: The default method for RunUMAP has changed from calling Python UMAP via reticulate to the R-native UWOT using the cosine metric
To use Python UMAP via reticulate, set umap.method to 'umap-learn' and metric to 'correlation'
This message will be shown once per session
00:45:10 UMAP embedding parameters a = 0.9922 b = 1.112
00:45:10 Read 531165 rows and found 20 numeric columns
00:45:10 Using Annoy for neighbor search, n_neighbors = 30
00:45:10 Building Annoy index with metric = cosine, n_trees = 50
0%   10   20   30   40   50   60   70   80   90   100%
[----|----|----|----|----|----|----|----|----|----|
**************************************************|
00:46:06 Writing NN index file to temp file /vast/projects/xenium_5k/jazzPanda_analysis/tmp.MGUuuG3vVE/RtmpWB4UQO/file1ead5b20c251b7
00:46:06 Searching Annoy index using 1 thread, search_k = 3000
00:50:40 Annoy recall = 99.95%
00:50:41 Commencing smooth kNN distance calibration using 1 thread with target n_neighbors = 30
00:50:44 426 smooth knn distance failures
00:50:56 Initializing from normalized Laplacian + noise (using RSpectra)
00:51:29 Commencing optimization for 200 epochs, with 25053742 positive edges
00:51:29 Using rng type: pcg
Using method 'umap'
0%   10   20   30   40   50   60   70   80   90   100%
[----|----|----|----|----|----|----|----|----|----|
**************************************************|
00:56:33 Optimization finished
Correlation Method = spearman
Running 5000 permutation with 5 cores in parallel
Warning messages:
1: 1 point was rejected as lying outside the specified window 
2: 1 point was rejected as lying outside the specified window 
Warning messages:
1: 1 point was rejected as lying outside the specified window 
2: 1 point was rejected as lying outside the specified window 
Calculating cluster c1
Calculating cluster c12
Calculating cluster c13
Calculating cluster c15
Calculating cluster c16
Calculating cluster c18
Calculating cluster c2
Calculating cluster c3
Calculating cluster c4
Calculating cluster c5
Calculating cluster c6
Calculating cluster c8
Calculating cluster c9
Warning messages:
1: The `slot` argument of `GetAssayData()` is deprecated as of SeuratObject 5.0.0.
ℹ Please use the `layer` argument instead.
ℹ The deprecated feature was likely used in the Seurat package.
  Please report the issue at <https://github.com/satijalab/seurat/issues>. 
2: `PackageCheck()` was deprecated in SeuratObject 5.0.0.
ℹ Please use `rlang::check_installed()` instead.
ℹ The deprecated feature was likely used in the Seurat package.
  Please report the issue at <https://github.com/satijalab/seurat/issues>. 
	Command being timed: "Rscript mg_xenium_human_lung_cancer.R"
	User time (seconds): 1474.58
	System time (seconds): 95.88
	Percent of CPU this job got: 63%
	Elapsed (wall clock) time (h:mm:ss or m:ss): 41:28.74
	Average shared text size (kbytes): 0
	Average unshared data size (kbytes): 0
	Average stack size (kbytes): 0
	Average total size (kbytes): 0
	Maximum resident set size (kbytes): 34999312
	Average resident set size (kbytes): 0
	Major (requiring I/O) page faults: 82665
	Minor (reclaiming a frame) page faults: 75824650
	Voluntary context switches: 294452
	Involuntary context switches: 4918
	Swaps: 0
	File system inputs: 206448
	File system outputs: 18046528
	Socket messages sent: 0
	Socket messages received: 0
	Signals delivered: 0
	Page size (bytes): 4096
	Exit status: 0
