/var/spool/slurmd/job23669979/slurm_script: line 32: msg: command not found
/var/spool/slurmd/job23669979/slurm_script: line 33: msg: command not found
/var/spool/slurmd/job23669979/slurm_script: line 34: msg: command not found
/var/spool/slurmd/job23669979/slurm_script: line 35: msg: command not found
/var/spool/slurmd/job23669979/slurm_script: line 36: msg: command not found
/var/spool/slurmd/job23669979/slurm_script: line 37: msg: command not found
/var/spool/slurmd/job23669979/slurm_script: line 38: msg: command not found
/var/spool/slurmd/job23669979/slurm_script: line 39: msg: command not found
Warning message:
package ‘jazzPanda’ was built under R version 4.5.1 
Loading required package: SeuratObject
Loading required package: sp

Attaching package: ‘SeuratObject’

The following objects are masked from ‘package:base’:

    intersect, t

Registered S3 method overwritten by 'spatstat.explore':
  method   from
  plot.roc pROC
Warning message:
package ‘SeuratObject’ was built under R version 4.5.1 
Warning message:
package ‘data.table’ was built under R version 4.5.1 

Attaching package: ‘dplyr’

The following objects are masked from ‘package:data.table’:

    between, first, last

The following objects are masked from ‘package:stats’:

    filter, lag

The following objects are masked from ‘package:base’:

    intersect, setdiff, setequal, union

Loading required package: Matrix
Loaded glmnet 4.1-10
Warning message:
package ‘glmnet’ was built under R version 4.5.1 
Loading required package: ggplot2
Loading required package: lattice
Warning message:
package ‘edgeR’ was built under R version 4.5.1 
scCustomize v3.0.1
If you find the scCustomize useful please cite.
See 'samuel-marsh.github.io/scCustomize/articles/FAQ.html' for citation info.
10X data contains more than one type and is being returned as a list containing matrices of each type.
10X data contains more than one type and is being returned as a list containing matrices of each type.
Warning messages:
1: 2 points were rejected as lying outside the specified window 
2: 2 points were rejected as lying outside the specified window 
Warning: Data is of class matrix. Coercing to dgCMatrix.
Normalizing layer: counts
Performing log-normalization
0%   10   20   30   40   50   60   70   80   90   100%
[----|----|----|----|----|----|----|----|----|----|
**************************************************|
Centering and scaling data matrix
  |                                                                              |                                                                      |   0%  |                                                                              |======================================================================| 100%
Warning: Feature names cannot have underscores ('_'), replacing with dashes ('-')
Warning: Data is of class matrix. Coercing to dgCMatrix.
Normalizing layer: counts
Performing log-normalization
0%   10   20   30   40   50   60   70   80   90   100%
[----|----|----|----|----|----|----|----|----|----|
**************************************************|
Centering and scaling data matrix
  |                                                                              |                                                                      |   0%  |                                                                              |======================================================================| 100%
Warning: The default method for RunUMAP has changed from calling Python UMAP via reticulate to the R-native UWOT using the cosine metric
To use Python UMAP via reticulate, set umap.method to 'umap-learn' and metric to 'correlation'
This message will be shown once per session
Calculating cluster c1
Calculating cluster c3
Calculating cluster c2
Calculating cluster c4
Calculating cluster c5
Calculating cluster c7
Calculating cluster c9
Calculating cluster c6
Calculating cluster c8
Warning messages:
1: The `slot` argument of `GetAssayData()` is deprecated as of SeuratObject 5.0.0.
ℹ Please use the `layer` argument instead.
ℹ The deprecated feature was likely used in the Seurat package.
  Please report the issue at <https://github.com/satijalab/seurat/issues>. 
2: `PackageCheck()` was deprecated in SeuratObject 5.0.0.
ℹ Please use `rlang::check_installed()` instead.
ℹ The deprecated feature was likely used in the Seurat package.
  Please report the issue at <https://github.com/satijalab/seurat/issues>. 
	Command being timed: "Rscript mg_xenium_human_breast_cancer.R"
	User time (seconds): 922.14
	System time (seconds): 52.41
	Percent of CPU this job got: 89%
	Elapsed (wall clock) time (h:mm:ss or m:ss): 18:06.48
	Average shared text size (kbytes): 0
	Average unshared data size (kbytes): 0
	Average stack size (kbytes): 0
	Average total size (kbytes): 0
	Maximum resident set size (kbytes): 21127296
	Average resident set size (kbytes): 0
	Major (requiring I/O) page faults: 44391
	Minor (reclaiming a frame) page faults: 46632906
	Voluntary context switches: 129082
	Involuntary context switches: 1070
	Swaps: 0
	File system inputs: 11456
	File system outputs: 9571432
	Socket messages sent: 0
	Socket messages received: 0
	Signals delivered: 0
	Page size (bytes): 4096
	Exit status: 0
