/var/spool/slurmd/job23549983/slurm_script: line 32: msg: command not found
/var/spool/slurmd/job23549983/slurm_script: line 33: msg: command not found
/var/spool/slurmd/job23549983/slurm_script: line 34: msg: command not found
/var/spool/slurmd/job23549983/slurm_script: line 35: msg: command not found
/var/spool/slurmd/job23549983/slurm_script: line 36: msg: command not found
/var/spool/slurmd/job23549983/slurm_script: line 37: msg: command not found
/var/spool/slurmd/job23549983/slurm_script: line 38: msg: command not found
/var/spool/slurmd/job23549983/slurm_script: line 39: msg: command not found
Warning message:
package ‘jazzPanda’ was built under R version 4.5.1 
Loading required package: SeuratObject
Loading required package: sp

Attaching package: ‘SeuratObject’

The following objects are masked from ‘package:base’:

    intersect, t

Registered S3 method overwritten by 'spatstat.explore':
  method   from
  plot.roc pROC
Warning message:
package ‘SeuratObject’ was built under R version 4.5.1 
Warning message:
package ‘data.table’ was built under R version 4.5.1 

Attaching package: ‘dplyr’

The following objects are masked from ‘package:data.table’:

    between, first, last

The following objects are masked from ‘package:stats’:

    filter, lag

The following objects are masked from ‘package:base’:

    intersect, setdiff, setequal, union

Loading required package: Matrix
Loaded glmnet 4.1-10
Warning message:
package ‘glmnet’ was built under R version 4.5.1 
Loading required package: ggplot2
Loading required package: lattice
Warning message:
package ‘edgeR’ was built under R version 4.5.1 
10X data contains more than one type and is being returned as a list containing matrices of each type.
10X data contains more than one type and is being returned as a list containing matrices of each type.
10X data contains more than one type and is being returned as a list containing matrices of each type.
Warning: Data is of class matrix. Coercing to dgCMatrix.
Warning: Data is of class matrix. Coercing to dgCMatrix.
Warning: Data is of class matrix. Coercing to dgCMatrix.
Normalizing layer: counts
Performing log-normalization
0%   10   20   30   40   50   60   70   80   90   100%
[----|----|----|----|----|----|----|----|----|----|
**************************************************|
Normalizing layer: counts
Performing log-normalization
0%   10   20   30   40   50   60   70   80   90   100%
[----|----|----|----|----|----|----|----|----|----|
**************************************************|
Normalizing layer: counts
Performing log-normalization
0%   10   20   30   40   50   60   70   80   90   100%
[----|----|----|----|----|----|----|----|----|----|
**************************************************|
Scaling features for provided objects
Computing within dataset neighborhoods
Finding all pairwise anchors
Projecting new data onto SVD
Projecting new data onto SVD
Finding neighborhoods
Finding anchors
	Found 41801 anchors
Projecting new data onto SVD
Projecting new data onto SVD
Finding neighborhoods
Finding anchors
	Found 38773 anchors
Projecting new data onto SVD
Projecting new data onto SVD
Finding neighborhoods
Finding anchors
	Found 40835 anchors
Warning messages:
1: package ‘future’ was built under R version 4.5.1 
2: The `slot` argument of `GetAssayData()` is deprecated as of SeuratObject 5.0.0.
ℹ Please use the `layer` argument instead.
ℹ The deprecated feature was likely used in the Seurat package.
  Please report the issue at <https://github.com/satijalab/seurat/issues>. 
Merging dataset 1 into 2
Extracting anchors for merged samples
Finding integration vectors
Finding integration vector weights
0%   10   20   30   40   50   60   70   80   90   100%
[----|----|----|----|----|----|----|----|----|----|
**************************************************|
Integrating data
Warning: Layer counts isn't present in the assay object; returning NULL
Merging dataset 3 into 2 1
Extracting anchors for merged samples
Finding integration vectors
Warning: Different cells in new layer data than already exists for scale.data
Finding integration vector weights
0%   10   20   30   40   50   60   70   80   90   100%
[----|----|----|----|----|----|----|----|----|----|
**************************************************|
Integrating data
Warning: Layer counts isn't present in the assay object; returning NULL
Warning message:
The `slot` argument of `SetAssayData()` is deprecated as of SeuratObject 5.0.0.
ℹ Please use the `layer` argument instead.
ℹ The deprecated feature was likely used in the Seurat package.
  Please report the issue at <https://github.com/satijalab/seurat/issues>. 
Computing nearest neighbor graph
Computing SNN
0%   10   20   30   40   50   60   70   80   90   100%
[----|----|----|----|----|----|----|----|----|----|
**************************************************|
Calculating cluster c9
Calculating cluster c0
Calculating cluster c2
Calculating cluster c5
Calculating cluster c6
Calculating cluster c4
Calculating cluster c8
Calculating cluster c3
Calculating cluster c1
Calculating cluster c7
Warning message:
`PackageCheck()` was deprecated in SeuratObject 5.0.0.
ℹ Please use `rlang::check_installed()` instead.
ℹ The deprecated feature was likely used in the Seurat package.
  Please report the issue at <https://github.com/satijalab/seurat/issues>. 
	Command being timed: "Rscript mg_xenium_mouse_brain.R"
	User time (seconds): 555.86
	System time (seconds): 32.93
	Percent of CPU this job got: 82%
	Elapsed (wall clock) time (h:mm:ss or m:ss): 11:52.58
	Average shared text size (kbytes): 0
	Average unshared data size (kbytes): 0
	Average stack size (kbytes): 0
	Average total size (kbytes): 0
	Maximum resident set size (kbytes): 9241480
	Average resident set size (kbytes): 0
	Major (requiring I/O) page faults: 12213
	Minor (reclaiming a frame) page faults: 18276242
	Voluntary context switches: 52133
	Involuntary context switches: 1408
	Swaps: 0
	File system inputs: 164464
	File system outputs: 3137992
	Socket messages sent: 0
	Socket messages received: 0
	Signals delivered: 0
	Page size (bytes): 4096
	Exit status: 0
