------------------------------------------------------------------------
Job Started on Fri 22 Aug 2025 23:51:09 AEST
------------------------------------------------------------------------
------------------------------------------------------------------------
CPU Information:
Architecture:                       x86_64
CPU op-mode(s):                     32-bit, 64-bit
Address sizes:                      46 bits physical, 48 bits virtual
Byte Order:                         Little Endian
CPU(s):                             56
On-line CPU(s) list:                0-55
Vendor ID:                          GenuineIntel
Model name:                         Intel(R) Xeon(R) CPU E5-2690 v4 @ 2.60GHz
CPU family:                         6
Model:                              79
Thread(s) per core:                 2
Core(s) per socket:                 14
Socket(s):                          2
Stepping:                           1
CPU(s) scaling MHz:                 70%
CPU max MHz:                        3500.0000
CPU min MHz:                        1200.0000
BogoMIPS:                           5188.01
Flags:                              fpu vme de pse tsc msr pae mce cx8 apic sep mtrr pge mca cmov pat pse36 clflush dts acpi mmx fxsr sse sse2 ss ht tm pbe syscall nx pdpe1gb rdtscp lm constant_tsc arch_perfmon pebs bts rep_good nopl xtopology nonstop_tsc cpuid aperfmperf pni pclmulqdq dtes64 monitor ds_cpl vmx smx est tm2 ssse3 sdbg fma cx16 xtpr pdcm pcid dca sse4_1 sse4_2 x2apic movbe popcnt tsc_deadline_timer aes xsave avx f16c rdrand lahf_lm abm 3dnowprefetch cpuid_fault epb cat_l3 cdp_l3 invpcid_single pti intel_ppin ssbd ibrs ibpb stibp tpr_shadow flexpriority ept vpid ept_ad fsgsbase tsc_adjust bmi1 hle avx2 smep bmi2 erms invpcid rtm cqm rdt_a rdseed adx smap intel_pt xsaveopt cqm_llc cqm_occup_llc cqm_mbm_total cqm_mbm_local dtherm ida arat pln pts hwp vnmi md_clear flush_l1d
Virtualization:                     VT-x
L1d cache:                          896 KiB (28 instances)
L1i cache:                          896 KiB (28 instances)
L2 cache:                           7 MiB (28 instances)
L3 cache:                           70 MiB (2 instances)
NUMA node(s):                       2
NUMA node0 CPU(s):                  0-13,28-41
NUMA node1 CPU(s):                  14-27,42-55
Vulnerability Gather data sampling: Not affected
Vulnerability Itlb multihit:        KVM: Mitigation: VMX disabled
Vulnerability L1tf:                 Mitigation; PTE Inversion; VMX conditional cache flushes, SMT vulnerable
Vulnerability Mds:                  Mitigation; Clear CPU buffers; SMT vulnerable
Vulnerability Meltdown:             Mitigation; PTI
Vulnerability Mmio stale data:      Mitigation; Clear CPU buffers; SMT vulnerable
Vulnerability Retbleed:             Not affected
Vulnerability Spec rstack overflow: Not affected
Vulnerability Spec store bypass:    Mitigation; Speculative Store Bypass disabled via prctl
Vulnerability Spectre v1:           Mitigation; usercopy/swapgs barriers and __user pointer sanitization
Vulnerability Spectre v2:           Mitigation; Retpolines, IBPB conditional, IBRS_FW, STIBP conditional, RSB filling, PBRSB-eIBRS Not affected
Vulnerability Srbds:                Not affected
Vulnerability Tsx async abort:      Mitigation; Clear CPU buffers; SMT vulnerable
------------------------------------------------------------------------
Memory Information:
               total        used        free      shared  buff/cache   available
Mem:          515362       10069      200772         194      308076      505293
Swap:              0           0           0
------------------------------------------------------------------------
Disk Space:
Filesystem                         Size  Used Avail Use% Mounted on
devtmpfs                           4.0M     0  4.0M   0% /dev
tmpfs                              252G  3.4M  252G   1% /dev/shm
tmpfs                              101G  189M  101G   1% /run
/dev/mapper/rhel-root               10G  361M  9.7G   4% /
/dev/mapper/rhel-usr                35G   14G   22G  39% /usr
/dev/mapper/rhel-tmp                20G  176M   20G   1% /tmp
/dev/mapper/rhel-var                10G  1.1G  8.9G  11% /var
/dev/sda2                         1014M  368M  647M  37% /boot
/dev/sda1                          200M  7.1M  193M   4% /boot/efi
General                            504T  291T  214T  58% /stornext/General
Genomics                            64T   34T   31T  52% /stornext/Genomics
Home                                96T   41T   56T  42% /stornext/Home
ImageData                          252T  190T   63T  76% /stornext/ImageData
Img                                252T  240T   13T  95% /stornext/Img
Projects                           504T  329T  176T  66% /stornext/Projects
SBPM                                48T   29T   20T  60% /stornext/SBPM
Sysbio                              96T   57T   40T  59% /stornext/Sysbio
System                              24T  8.9T   16T  37% /stornext/System
Archive                             84T   45T   40T  54% /stornext/Archive
Bioinf                             504T  478T   27T  95% /stornext/Bioinf
vast.hpc.wehi.edu.au:/projects     575T  433T  143T  76% /vast/projects
vast.hpc.wehi.edu.au:/scratch      550T  428T  123T  78% /vast/scratch
vast.hpc.wehi.edu.au:/cryoem       300T  274T   27T  92% /vast/cryoem
vast.hpc.wehi.edu.au:/imaging      200T  152T   49T  76% /vast/imaging
vast.hpc.wehi.edu.au:/ai_projects  600T   25T  576T   5% /vast/ai_projects
------------------------------------------------------------------------
System and Kernel:
Linux med-n09.hpc.wehi.edu.au 5.14.0-362.24.1.el9_3.x86_64 #1 SMP PREEMPT_DYNAMIC Thu Feb 15 07:18:13 EST 2024 x86_64 x86_64 x86_64 GNU/Linux
------------------------------------------------------------------------
Loading R/4.5.0
  Loading requirement: libpng/1.6.43 libjpeg-turbo/3.0.2 libtiff/4.6.0
    ninja/1.11.1 bzip2/1.0.8 hdf5/1.12.3 pcre2/10.42 openjdk/21.0.2 cairo/1.19.0
Loading gdal/3.9.0
  Loading requirement: proj/9.4.0 netcdf/4.9.2 mariadb-connector-c/3.3.10
Number of cells in cancer and normal samples:  793318Total number of cells remaining after removing low quality cells:  792953             used    (Mb)  gc trigger     (Mb)   max used    (Mb)
Ncells    9811489   524.0    16303987    870.8    9811489   524.0
Vcells 8915891113 68022.9 14056336212 107241.4 8915891113 68022.9
loading transcript coordinates data for 1000 genes and 460169 cells took 23.12979 GB memory
 Complexity measure starts 

 task_id = 22 , repeat_times = 3 , n_core_lst = 1 2 3 4 5 6 7 8 

 Repeat = 3 , n_core = 6 , n_gene = 1000 

             used    (Mb)  gc trigger     (Mb)   max used    (Mb)
Ncells    9575613   511.4    16303987    870.8    9575613   511.4
Vcells 1502531041 11463.5 19431712138 148252.2 1502531041 11463.5
------------------------------------------------------------------------
Job Completed on Sat 23 Aug 2025 00:47:14 AEST
------------------------------------------------------------------------
