/var/spool/slurmd/job23550988/slurm_script: line 33: msg: command not found
/var/spool/slurmd/job23550988/slurm_script: line 34: msg: command not found
/var/spool/slurmd/job23550988/slurm_script: line 35: msg: command not found
/var/spool/slurmd/job23550988/slurm_script: line 36: msg: command not found
/var/spool/slurmd/job23550988/slurm_script: line 37: msg: command not found
/var/spool/slurmd/job23550988/slurm_script: line 38: msg: command not found
/var/spool/slurmd/job23550988/slurm_script: line 39: msg: command not found
/var/spool/slurmd/job23550988/slurm_script: line 40: msg: command not found
Warning message:
package ‘jazzPanda’ was built under R version 4.5.1 

Attaching package: ‘tidyr’

The following object is masked from ‘package:reshape2’:

    smiths


Attaching package: ‘dplyr’

The following object is masked from ‘package:matrixStats’:

    count

The following objects are masked from ‘package:stats’:

    filter, lag

The following objects are masked from ‘package:base’:

    intersect, setdiff, setequal, union

Warning message:
In quadratcount.ppp(gene_ppp, tess = H) :
  Tessellation does not contain all the points of X
