------------------------------------------------------------------------
Job Started on Wed 17 Sep 2025 11:15:39 AEST
------------------------------------------------------------------------
------------------------------------------------------------------------
CPU Information:
Architecture:                       x86_64
CPU op-mode(s):                     32-bit, 64-bit
Address sizes:                      46 bits physical, 48 bits virtual
Byte Order:                         Little Endian
CPU(s):                             56
On-line CPU(s) list:                0-55
Vendor ID:                          GenuineIntel
Model name:                         Intel(R) Xeon(R) CPU E5-2690 v4 @ 2.60GHz
CPU family:                         6
Model:                              79
Thread(s) per core:                 2
Core(s) per socket:                 14
Socket(s):                          2
Stepping:                           1
CPU(s) scaling MHz:                 91%
CPU max MHz:                        3500.0000
CPU min MHz:                        1200.0000
BogoMIPS:                           5187.88
Flags:                              fpu vme de pse tsc msr pae mce cx8 apic sep mtrr pge mca cmov pat pse36 clflush dts acpi mmx fxsr sse sse2 ss ht tm pbe syscall nx pdpe1gb rdtscp lm constant_tsc arch_perfmon pebs bts rep_good nopl xtopology nonstop_tsc cpuid aperfmperf pni pclmulqdq dtes64 monitor ds_cpl vmx smx est tm2 ssse3 sdbg fma cx16 xtpr pdcm pcid dca sse4_1 sse4_2 x2apic movbe popcnt tsc_deadline_timer aes xsave avx f16c rdrand lahf_lm abm 3dnowprefetch cpuid_fault epb cat_l3 cdp_l3 invpcid_single pti intel_ppin ssbd ibrs ibpb stibp tpr_shadow flexpriority ept vpid ept_ad fsgsbase tsc_adjust bmi1 hle avx2 smep bmi2 erms invpcid rtm cqm rdt_a rdseed adx smap intel_pt xsaveopt cqm_llc cqm_occup_llc cqm_mbm_total cqm_mbm_local dtherm ida arat pln pts hwp vnmi md_clear flush_l1d
Virtualization:                     VT-x
L1d cache:                          896 KiB (28 instances)
L1i cache:                          896 KiB (28 instances)
L2 cache:                           7 MiB (28 instances)
L3 cache:                           70 MiB (2 instances)
NUMA node(s):                       2
NUMA node0 CPU(s):                  0-13,28-41
NUMA node1 CPU(s):                  14-27,42-55
Vulnerability Gather data sampling: Not affected
Vulnerability Itlb multihit:        KVM: Mitigation: VMX disabled
Vulnerability L1tf:                 Mitigation; PTE Inversion; VMX conditional cache flushes, SMT vulnerable
Vulnerability Mds:                  Mitigation; Clear CPU buffers; SMT vulnerable
Vulnerability Meltdown:             Mitigation; PTI
Vulnerability Mmio stale data:      Mitigation; Clear CPU buffers; SMT vulnerable
Vulnerability Retbleed:             Not affected
Vulnerability Spec rstack overflow: Not affected
Vulnerability Spec store bypass:    Mitigation; Speculative Store Bypass disabled via prctl
Vulnerability Spectre v1:           Mitigation; usercopy/swapgs barriers and __user pointer sanitization
Vulnerability Spectre v2:           Mitigation; Retpolines, IBPB conditional, IBRS_FW, STIBP conditional, RSB filling, PBRSB-eIBRS Not affected
Vulnerability Srbds:                Not affected
Vulnerability Tsx async abort:      Mitigation; Clear CPU buffers; SMT vulnerable
------------------------------------------------------------------------
Memory Information:
               total        used        free      shared  buff/cache   available
Mem:          515362       48932       77393         220      394886      466430
Swap:              0           0           0
------------------------------------------------------------------------
Disk Space:
Filesystem                         Size  Used Avail Use% Mounted on
devtmpfs                           4.0M     0  4.0M   0% /dev
tmpfs                              252G  4.6M  252G   1% /dev/shm
tmpfs                              101G  214M  101G   1% /run
/dev/mapper/rhel-root               10G  447M  9.6G   5% /
/dev/mapper/rhel-usr                35G   14G   22G  39% /usr
/dev/sda2                         1014M  368M  647M  37% /boot
/dev/mapper/rhel-var                10G  6.0G  4.1G  60% /var
/dev/mapper/rhel-tmp                20G  179M   20G   1% /tmp
/dev/sda1                          200M  7.1M  193M   4% /boot/efi
vast.hpc.wehi.edu.au:/cryoem       300T  272T   29T  91% /vast/cryoem
vast.hpc.wehi.edu.au:/ai_projects  600T   32T  569T   6% /vast/ai_projects
vast.hpc.wehi.edu.au:/projects     575T  441T  135T  77% /vast/projects
vast.hpc.wehi.edu.au:/imaging      200T  140T   61T  70% /vast/imaging
vast.hpc.wehi.edu.au:/scratch      550T  299T  252T  55% /vast/scratch
General                            504T  294T  211T  59% /stornext/General
Genomics                            64T   34T   31T  52% /stornext/Genomics
Home                                96T   40T   57T  42% /stornext/Home
ImageData                          252T  189T   64T  75% /stornext/ImageData
Img                                252T  240T   13T  95% /stornext/Img
Projects                           504T  327T  178T  65% /stornext/Projects
SBPM                                48T   25T   24T  51% /stornext/SBPM
Sysbio                              96T   63T   34T  66% /stornext/Sysbio
System                              24T  8.9T   16T  37% /stornext/System
Archive                             84T   44T   41T  53% /stornext/Archive
Bioinf                             504T  481T   24T  96% /stornext/Bioinf
tmpfs                               51G     0   51G   0% /run/user/4850
------------------------------------------------------------------------
System and Kernel:
Linux med-n07.hpc.wehi.edu.au 5.14.0-362.24.1.el9_3.x86_64 #1 SMP PREEMPT_DYNAMIC Thu Feb 15 07:18:13 EST 2024 x86_64 x86_64 x86_64 GNU/Linux
------------------------------------------------------------------------
Loading R/4.5.1
  Loading requirement: libpng/1.6.43 libjpeg-turbo/3.0.2 libtiff/4.6.0
    ninja/1.11.1 bzip2/1.0.8 hdf5/1.12.3 pcre2/10.42 openjdk/21.0.2 cairo/1.19.0
Loading gdal/3.9.0
  Loading requirement: proj/9.4.0 netcdf/4.9.2 mariadb-connector-c/3.3.10
Repeat = 3 , n_tr = 5e+06 
           used  (Mb) gc trigger  (Mb) max used  (Mb)
Ncells  7488977 400.0   13892872 742.0  7488977 400.0
Vcells 68185767 520.3  112858246 861.1 68185767 520.3
           used  (Mb) gc trigger (Mb) max used  (Mb)
Ncells  7571726 404.4   13892872  742 13892872 742.0
Vcells 68388059 521.8  113233270  864 78482985 598.8
------------------------------------------------------------------------
Job Completed on Wed 17 Sep 2025 11:17:10 AEST
------------------------------------------------------------------------
