/var/spool/slurmd/job24807699/slurm_script: line 28: msg: command not found
/var/spool/slurmd/job24807699/slurm_script: line 29: msg: command not found
/var/spool/slurmd/job24807699/slurm_script: line 30: msg: command not found
/var/spool/slurmd/job24807699/slurm_script: line 31: msg: command not found
/var/spool/slurmd/job24807699/slurm_script: line 32: msg: command not found
/var/spool/slurmd/job24807699/slurm_script: line 33: msg: command not found
/var/spool/slurmd/job24807699/slurm_script: line 34: msg: command not found
/var/spool/slurmd/job24807699/slurm_script: line 35: msg: command not found
Loading required package: SeuratObject
Loading required package: sp

Attaching package: ‘SeuratObject’

The following objects are masked from ‘package:base’:

    intersect, t

Registered S3 method overwritten by 'spatstat.explore':
  method   from
  plot.roc pROC

Attaching package: ‘dplyr’

The following objects are masked from ‘package:data.table’:

    between, first, last

The following objects are masked from ‘package:stats’:

    filter, lag

The following objects are masked from ‘package:base’:

    intersect, setdiff, setequal, union

Loading required package: Matrix
Loaded glmnet 4.1-10
Loading required package: ggplot2
Loading required package: lattice
Warning message:
1 point was rejected as lying outside the specified window 
Correlation Method = pearson
Running 5000 permutation with 5 cores in parallel
Warning message:
1 point was rejected as lying outside the specified window 
Warning message:
In asMethod(object) :
  sparse->dense coercion: allocating vector of size 3.4 GiB
Warning: The default method for RunUMAP has changed from calling Python UMAP via reticulate to the R-native UWOT using the cosine metric
To use Python UMAP via reticulate, set umap.method to 'umap-learn' and metric to 'correlation'
This message will be shown once per session
18:00:24 UMAP embedding parameters a = 0.9922 b = 1.112
18:00:24 Read 460164 rows and found 15 numeric columns
18:00:24 Using Annoy for neighbor search, n_neighbors = 30
18:00:24 Building Annoy index with metric = cosine, n_trees = 50
0%   10   20   30   40   50   60   70   80   90   100%
[----|----|----|----|----|----|----|----|----|----|
**************************************************|
18:01:09 Writing NN index file to temp file ./tmp.AVpnF6rNF3/Rtmp3ovLJ3/file85ccc3e306dc2
18:01:10 Searching Annoy index using 1 thread, search_k = 3000
18:05:27 Annoy recall = 100%
18:05:29 Commencing smooth kNN distance calibration using 1 thread with target n_neighbors = 30
18:05:44 Initializing from normalized Laplacian + noise (using RSpectra)
18:06:03 Commencing optimization for 200 epochs, with 20555546 positive edges
18:06:03 Using rng type: pcg
Using method 'umap'
0%   10   20   30   40   50   60   70   80   90   100%
[----|----|----|----|----|----|----|----|----|----|
**************************************************|
18:10:01 Optimization finished
Calculating cluster tumor_1
Calculating cluster tumor_2
Calculating cluster Macrophages
Calculating cluster T
Calculating cluster Periportal.LSECs
Calculating cluster Stellate.cells
Calculating cluster B
Calculating cluster Central.venous.LSECs
Calculating cluster Cholangiocytes
Calculating cluster Hep
Calculating cluster Portal.endothelial.cells
Calculating cluster NK.like.cells
Calculating cluster Erthyroid.cells
Warning messages:
1: The `slot` argument of `GetAssayData()` is deprecated as of SeuratObject 5.0.0.
ℹ Please use the `layer` argument instead.
ℹ The deprecated feature was likely used in the Seurat package.
  Please report the issue at <https://github.com/satijalab/seurat/issues>. 
2: `PackageCheck()` was deprecated in SeuratObject 5.0.0.
ℹ Please use `rlang::check_installed()` instead.
ℹ The deprecated feature was likely used in the Seurat package.
  Please report the issue at <https://github.com/satijalab/seurat/issues>. 
	Command being timed: "Rscript mg_cosmx_human_liver_cancer.R"
	User time (seconds): 2445.15
	System time (seconds): 289.71
	Percent of CPU this job got: 48%
	Elapsed (wall clock) time (h:mm:ss or m:ss): 1:34:52
	Average shared text size (kbytes): 0
	Average unshared data size (kbytes): 0
	Average stack size (kbytes): 0
	Average total size (kbytes): 0
	Maximum resident set size (kbytes): 159879280
	Average resident set size (kbytes): 0
	Major (requiring I/O) page faults: 6080
	Minor (reclaiming a frame) page faults: 253558281
	Voluntary context switches: 355593
	Involuntary context switches: 4037
	Swaps: 0
	File system inputs: 218784
	File system outputs: 3746024
	Socket messages sent: 0
	Socket messages received: 0
	Signals delivered: 0
	Page size (bytes): 4096
	Exit status: 0
