/var/spool/slurmd/job23813640/slurm_script: line 32: msg: command not found
/var/spool/slurmd/job23813640/slurm_script: line 33: msg: command not found
/var/spool/slurmd/job23813640/slurm_script: line 34: msg: command not found
/var/spool/slurmd/job23813640/slurm_script: line 35: msg: command not found
/var/spool/slurmd/job23813640/slurm_script: line 36: msg: command not found
/var/spool/slurmd/job23813640/slurm_script: line 37: msg: command not found
/var/spool/slurmd/job23813640/slurm_script: line 38: msg: command not found
/var/spool/slurmd/job23813640/slurm_script: line 39: msg: command not found
Loading required package: SeuratObject
Loading required package: sp

Attaching package: ‘SeuratObject’

The following objects are masked from ‘package:base’:

    intersect, t

Registered S3 method overwritten by 'spatstat.explore':
  method   from
  plot.roc pROC

Attaching package: ‘dplyr’

The following objects are masked from ‘package:data.table’:

    between, first, last

The following objects are masked from ‘package:stats’:

    filter, lag

The following objects are masked from ‘package:base’:

    intersect, setdiff, setequal, union

Loading required package: Matrix
Loaded glmnet 4.1-10
Loading required package: ggplot2
Loading required package: lattice
Correlation Method = spearman
Running 5000 permutation with 5 cores in parallel
Warning message:
In asMethod(object) :
  sparse->dense coercion: allocating vector of size 2.5 GiB
Warning: The default method for RunUMAP has changed from calling Python UMAP via reticulate to the R-native UWOT using the cosine metric
To use Python UMAP via reticulate, set umap.method to 'umap-learn' and metric to 'correlation'
This message will be shown once per session
18:05:11 UMAP embedding parameters a = 0.9922 b = 1.112
18:05:11 Read 332780 rows and found 15 numeric columns
18:05:11 Using Annoy for neighbor search, n_neighbors = 30
18:05:11 Building Annoy index with metric = cosine, n_trees = 50
0%   10   20   30   40   50   60   70   80   90   100%
[----|----|----|----|----|----|----|----|----|----|
**************************************************|
18:05:51 Writing NN index file to temp file ./tmp.QWawbYVf0k/RtmpuuJONz/file2afd4a7c84dae8
18:05:51 Searching Annoy index using 1 thread, search_k = 3000
18:08:43 Annoy recall = 100%
18:08:45 Commencing smooth kNN distance calibration using 1 thread with target n_neighbors = 30
18:09:05 Initializing from normalized Laplacian + noise (using RSpectra)
18:09:27 Commencing optimization for 200 epochs, with 14952022 positive edges
18:09:27 Using rng type: pcg
Using method 'umap'
0%   10   20   30   40   50   60   70   80   90   100%
[----|----|----|----|----|----|----|----|----|----|
**************************************************|
18:12:37 Optimization finished
Calculating cluster B
Calculating cluster Central.venous.LSECs
Calculating cluster Cholangiocytes
Calculating cluster Erthyroid.cells
Calculating cluster Hep.1
Calculating cluster Hep.3
Calculating cluster Hep.4
Calculating cluster Hep.5
Calculating cluster Hep.6
Calculating cluster Macrophages
Calculating cluster NK.like.cells
Calculating cluster Periportal.LSECs
Calculating cluster Portal.endothelial.cells
Calculating cluster Stellate.cells
Calculating cluster T
Warning messages:
1: The `slot` argument of `GetAssayData()` is deprecated as of SeuratObject 5.0.0.
ℹ Please use the `layer` argument instead.
ℹ The deprecated feature was likely used in the Seurat package.
  Please report the issue at <https://github.com/satijalab/seurat/issues>. 
2: `PackageCheck()` was deprecated in SeuratObject 5.0.0.
ℹ Please use `rlang::check_installed()` instead.
ℹ The deprecated feature was likely used in the Seurat package.
  Please report the issue at <https://github.com/satijalab/seurat/issues>. 
	Command being timed: "Rscript mg_cosmx_human_healthy_liver.R"
	User time (seconds): 2110.25
	System time (seconds): 220.52
	Percent of CPU this job got: 56%
	Elapsed (wall clock) time (h:mm:ss or m:ss): 1:08:11
	Average shared text size (kbytes): 0
	Average unshared data size (kbytes): 0
	Average stack size (kbytes): 0
	Average total size (kbytes): 0
	Maximum resident set size (kbytes): 111388744
	Average resident set size (kbytes): 0
	Major (requiring I/O) page faults: 4453
	Minor (reclaiming a frame) page faults: 136442855
	Voluntary context switches: 195467
	Involuntary context switches: 4211
	Swaps: 0
	File system inputs: 188336
	File system outputs: 1999320
	Socket messages sent: 0
	Socket messages received: 0
	Signals delivered: 0
	Page size (bytes): 4096
	Exit status: 0
