

processing file: supplementary_application_cosmx_human_liver_cancer.Rmd
output file: supplementary_application_cosmx_human_liver_cancer.knit.md


Output created: supplementary_application_cosmx_human_liver_cancer.html
	Command being timed: "Rscript -e rmarkdown::render('supplementary_application_cosmx_human_liver_cancer.Rmd', output_format = 'html_document')"
	User time (seconds): 1762.09
	System time (seconds): 383.45
	Percent of CPU this job got: 99%
	Elapsed (wall clock) time (h:mm:ss or m:ss): 36:06.54
	Average shared text size (kbytes): 0
	Average unshared data size (kbytes): 0
	Average stack size (kbytes): 0
	Average total size (kbytes): 0
	Maximum resident set size (kbytes): 160203340
	Average resident set size (kbytes): 0
	Major (requiring I/O) page faults: 1071
	Minor (reclaiming a frame) page faults: 250735026
	Voluntary context switches: 10431
	Involuntary context switches: 3289
	Swaps: 0
	File system inputs: 309712
	File system outputs: 19624
	Socket messages sent: 0
	Socket messages received: 0
	Signals delivered: 0
	Page size (bytes): 4096
	Exit status: 0
