------------------------------------------------------------------------
Job Started on Tue 02 Dec 2025 16:00:40 AEDT
System: Linux med-n07.hpc.wehi.edu.au 5.14.0-362.24.1.el9_3.x86_64 #1 SMP PREEMPT_DYNAMIC Thu Feb 15 07:18:13 EST 2024 x86_64 x86_64 x86_64 GNU/Linux
CPU: Model name:                         Intel(R) Xeon(R) CPU E5-2690 v4 @ 2.60GHz
Total Memory: 503Gi
Node: med-n07
Job ID: 24530260
------------------------------------------------------------------------
Loading R/4.5.1
  Loading requirement: libpng/1.6.43 libjpeg-turbo/3.0.2 libtiff/4.6.0
    ninja/1.11.1 bzip2/1.0.8 hdf5/1.12.3 pcre2/10.42 openjdk/21.0.2 cairo/1.19.0
Loading gdal/3.9.0
  Loading requirement: proj/9.4.0 netcdf/4.9.2 mariadb-connector-c/3.3.10
1/28                      
2/28 [global-options]     
3/28                      
4/28 [load-lib]           
5/28                      
6/28 [load-raw]           
7/28                      
8/28 [unnamed-chunk-1]    
9/28                      
10/28 [falsecode]          
11/28                      
12/28 [jazzPanda-glm]      
13/28                      
14/28 [output_markergenes] 
15/28                      
16/28 [top3-gene-vis-xy]   
17/28                      
18/28 [unnamed-chunk-2]    
19/28                      
20/28 [fm-mg]              
21/28                      
22/28 [limma-mg]           
23/28                      
24/28 [unnamed-chunk-3]    
25/28                      
26/28 [upset-mg-comparison]
27/28                      
28/28 [unnamed-chunk-4]    
/stornext/System/data/software/rhel/9/base/tools/pandoc/3.2/bin/pandoc +RTS -K512m -RTS supplementary_application_xenium_mouse_brain.knit.md --to html4 --from markdown+autolink_bare_uris+tex_math_single_backslash --output supplementary_application_xenium_mouse_brain.html --lua-filter /stornext/Home/data/allstaff/j/jin.m/R/x86_64-pc-linux-gnu-library/4.5/rmarkdown/rmarkdown/lua/pagebreak.lua --lua-filter /stornext/Home/data/allstaff/j/jin.m/R/x86_64-pc-linux-gnu-library/4.5/rmarkdown/rmarkdown/lua/latex-div.lua --embed-resources --standalone --variable bs3=TRUE --section-divs --table-of-contents --toc-depth 3 --variable toc_float=1 --variable toc_selectors=h1,h2,h3 --variable toc_collapsed=1 --variable toc_smooth_scroll=1 --variable toc_print=1 --template /stornext/Home/data/allstaff/j/jin.m/R/x86_64-pc-linux-gnu-library/4.5/rmarkdown/rmd/h/default.html --no-highlight --variable highlightjs=1 --variable theme=bootstrap --mathjax --variable 'mathjax-url=https://mathjax.rstudio.com/latest/MathJax.js?config=TeX-AMS-MML_HTMLorMML' --include-in-header /vast/projects/xenium_5k/jazzPanda_paper/tmp.97Aew1CKXn/RtmpqzR2Zz/rmarkdown-str1ffdec67f11482.html 
------------------------------------------------------------------------
Job Completed on Tue 02 Dec 2025 16:12:08 AEDT
------------------------------------------------------------------------
