------------------------------------------------------------------------
Job Started on Tue 02 Dec 2025 16:00:26 AEDT
System: Linux med-n08.hpc.wehi.edu.au 5.14.0-362.24.1.el9_3.x86_64 #1 SMP PREEMPT_DYNAMIC Thu Feb 15 07:18:13 EST 2024 x86_64 x86_64 x86_64 GNU/Linux
CPU: Model name:                         Intel(R) Xeon(R) CPU E5-2690 v4 @ 2.60GHz
Total Memory: 503Gi
Node: med-n08
Job ID: 24530257
------------------------------------------------------------------------
Loading R/4.5.1
  Loading requirement: libpng/1.6.43 libjpeg-turbo/3.0.2 libtiff/4.6.0
    ninja/1.11.1 bzip2/1.0.8 hdf5/1.12.3 pcre2/10.42 openjdk/21.0.2 cairo/1.19.0
Loading gdal/3.9.0
  Loading requirement: proj/9.4.0 netcdf/4.9.2 mariadb-connector-c/3.3.10
1/37                        
2/37 [global-options]       
3/37                        
4/37 [load-lib]             
5/37                        
6/37 [load transcripts]     
7/37                        
8/37 [load-raw]             
9/37                        
10/37 [unnamed-chunk-1]      
11/37                        
12/37 [negprobes]            
13/37                        
14/37 [unnamed-chunk-2]      
15/37                        
16/37 [top3-gene-vis-xy-corr]
17/37                        
18/37 [unnamed-chunk-3]      
19/37                        
20/37 [jazzPanda-glm]        
21/37                        
22/37 [output_markergenes]   
23/37                        
24/37 [top3-gene-vis-xy-glm] 
25/37                        
26/37 [unnamed-chunk-4]      
27/37                        
28/37 [fm-mg]                
29/37                        
30/37 [limma-mg]             
31/37                        
32/37 [unnamed-chunk-5]      
33/37                        
34/37 [upset-mg-comparison]  
35/37                        
36/37 [unnamed-chunk-6]      
37/37                        
/stornext/System/data/software/rhel/9/base/tools/pandoc/3.2/bin/pandoc +RTS -K512m -RTS supplementary_application_cosmx_healthy_human_liver.knit.md --to html4 --from markdown+autolink_bare_uris+tex_math_single_backslash --output supplementary_application_cosmx_healthy_human_liver.html --lua-filter /stornext/Home/data/allstaff/j/jin.m/R/x86_64-pc-linux-gnu-library/4.5/rmarkdown/rmarkdown/lua/pagebreak.lua --lua-filter /stornext/Home/data/allstaff/j/jin.m/R/x86_64-pc-linux-gnu-library/4.5/rmarkdown/rmarkdown/lua/latex-div.lua --embed-resources --standalone --variable bs3=TRUE --section-divs --table-of-contents --toc-depth 3 --variable toc_float=1 --variable toc_selectors=h1,h2,h3 --variable toc_collapsed=1 --variable toc_smooth_scroll=1 --variable toc_print=1 --template /stornext/Home/data/allstaff/j/jin.m/R/x86_64-pc-linux-gnu-library/4.5/rmarkdown/rmd/h/default.html --no-highlight --variable highlightjs=1 --variable theme=bootstrap --mathjax --variable 'mathjax-url=https://mathjax.rstudio.com/latest/MathJax.js?config=TeX-AMS-MML_HTMLorMML' --include-in-header /vast/projects/xenium_5k/jazzPanda_paper/tmp.EVUk4fOZAb/Rtmpnt2Oeb/rmarkdown-stra318526b9778f.html 
------------------------------------------------------------------------
Job Completed on Tue 02 Dec 2025 16:33:10 AEDT
------------------------------------------------------------------------
