/var/spool/slurmd/job23730817/slurm_script: line 32: msg: command not found
/var/spool/slurmd/job23730817/slurm_script: line 33: msg: command not found
/var/spool/slurmd/job23730817/slurm_script: line 34: msg: command not found
/var/spool/slurmd/job23730817/slurm_script: line 35: msg: command not found
/var/spool/slurmd/job23730817/slurm_script: line 36: msg: command not found
/var/spool/slurmd/job23730817/slurm_script: line 37: msg: command not found
/var/spool/slurmd/job23730817/slurm_script: line 38: msg: command not found
/var/spool/slurmd/job23730817/slurm_script: line 39: msg: command not found


processing file: supplementary_application_xenium_human_lung_cancer.Rmd
output file: supplementary_application_xenium_human_lung_cancer.knit.md


Output created: supplementary_application_xenium_human_lung_cancer.html
	Command being timed: "Rscript -e rmarkdown::render('supplementary_application_xenium_human_lung_cancer.Rmd', output_format = 'html_document')"
	User time (seconds): 1782.86
	System time (seconds): 110.99
	Percent of CPU this job got: 100%
	Elapsed (wall clock) time (h:mm:ss or m:ss): 31:29.30
	Average shared text size (kbytes): 0
	Average unshared data size (kbytes): 0
	Average stack size (kbytes): 0
	Average total size (kbytes): 0
	Maximum resident set size (kbytes): 45823132
	Average resident set size (kbytes): 0
	Major (requiring I/O) page faults: 75635
	Minor (reclaiming a frame) page faults: 81646217
	Voluntary context switches: 108057
	Involuntary context switches: 3091
	Swaps: 0
	File system inputs: 170256
	File system outputs: 15927904
	Socket messages sent: 0
	Socket messages received: 0
	Signals delivered: 0
	Page size (bytes): 4096
	Exit status: 0
