/var/spool/slurmd/job23813931/slurm_script: line 32: msg: command not found
/var/spool/slurmd/job23813931/slurm_script: line 33: msg: command not found
/var/spool/slurmd/job23813931/slurm_script: line 34: msg: command not found
/var/spool/slurmd/job23813931/slurm_script: line 35: msg: command not found
/var/spool/slurmd/job23813931/slurm_script: line 36: msg: command not found
/var/spool/slurmd/job23813931/slurm_script: line 37: msg: command not found
/var/spool/slurmd/job23813931/slurm_script: line 38: msg: command not found
/var/spool/slurmd/job23813931/slurm_script: line 39: msg: command not found


processing file: supplementary_application_xenium_mouse_brain.Rmd
output file: supplementary_application_xenium_mouse_brain.knit.md


Output created: supplementary_application_xenium_mouse_brain.html
	Command being timed: "Rscript -e rmarkdown::render('supplementary_application_xenium_mouse_brain.Rmd', output_format = 'html_document')"
	User time (seconds): 103.18
	System time (seconds): 8.54
	Percent of CPU this job got: 98%
	Elapsed (wall clock) time (h:mm:ss or m:ss): 1:53.97
	Average shared text size (kbytes): 0
	Average unshared data size (kbytes): 0
	Average stack size (kbytes): 0
	Average total size (kbytes): 0
	Maximum resident set size (kbytes): 6578632
	Average resident set size (kbytes): 0
	Major (requiring I/O) page faults: 12175
	Minor (reclaiming a frame) page faults: 6289130
	Voluntary context switches: 27965
	Involuntary context switches: 290
	Swaps: 0
	File system inputs: 20088
	File system outputs: 2463616
	Socket messages sent: 0
	Socket messages received: 0
	Signals delivered: 0
	Page size (bytes): 4096
	Exit status: 0
