/var/spool/slurmd/job24285308/slurm_script: line 28: msg: command not found
/var/spool/slurmd/job24285308/slurm_script: line 29: msg: command not found
/var/spool/slurmd/job24285308/slurm_script: line 30: msg: command not found
/var/spool/slurmd/job24285308/slurm_script: line 31: msg: command not found
/var/spool/slurmd/job24285308/slurm_script: line 32: msg: command not found
/var/spool/slurmd/job24285308/slurm_script: line 33: msg: command not found
/var/spool/slurmd/job24285308/slurm_script: line 34: msg: command not found
/var/spool/slurmd/job24285308/slurm_script: line 35: msg: command not found


processing file: supplementary_application_xenium_human_breast_cancer.Rmd
output file: supplementary_application_xenium_human_breast_cancer.knit.md


Output created: supplementary_application_xenium_human_breast_cancer.html
	Command being timed: "Rscript -e rmarkdown::render('supplementary_application_xenium_human_breast_cancer.Rmd', output_format = 'html_document')"
	User time (seconds): 219.16
	System time (seconds): 26.71
	Percent of CPU this job got: 100%
	Elapsed (wall clock) time (h:mm:ss or m:ss): 4:04.69
	Average shared text size (kbytes): 0
	Average unshared data size (kbytes): 0
	Average stack size (kbytes): 0
	Average total size (kbytes): 0
	Maximum resident set size (kbytes): 11985496
	Average resident set size (kbytes): 0
	Major (requiring I/O) page faults: 42012
	Minor (reclaiming a frame) page faults: 11513814
	Voluntary context switches: 75263
	Involuntary context switches: 2004
	Swaps: 0
	File system inputs: 435616
	File system outputs: 8468680
	Socket messages sent: 0
	Socket messages received: 0
	Signals delivered: 0
	Page size (bytes): 4096
	Exit status: 0
