------------------------------------------------------------------------
Job Started on Wed 17 Sep 2025 05:16:58 AEST
------------------------------------------------------------------------
------------------------------------------------------------------------
CPU Information:
Architecture:                       x86_64
CPU op-mode(s):                     32-bit, 64-bit
Address sizes:                      46 bits physical, 57 bits virtual
Byte Order:                         Little Endian
CPU(s):                             96
On-line CPU(s) list:                0-95
Vendor ID:                          GenuineIntel
Model name:                         Intel(R) Xeon(R) Gold 6342 CPU @ 2.80GHz
CPU family:                         6
Model:                              106
Thread(s) per core:                 2
Core(s) per socket:                 24
Socket(s):                          2
Stepping:                           6
CPU(s) scaling MHz:                 94%
CPU max MHz:                        3500.0000
CPU min MHz:                        800.0000
BogoMIPS:                           5600.00
Flags:                              fpu vme de pse tsc msr pae mce cx8 apic sep mtrr pge mca cmov pat pse36 clflush dts acpi mmx fxsr sse sse2 ss ht tm pbe syscall nx pdpe1gb rdtscp lm constant_tsc art arch_perfmon pebs bts rep_good nopl xtopology nonstop_tsc cpuid aperfmperf pni pclmulqdq dtes64 ds_cpl vmx smx est tm2 ssse3 sdbg fma cx16 xtpr pdcm pcid dca sse4_1 sse4_2 x2apic movbe popcnt tsc_deadline_timer aes xsave avx f16c rdrand lahf_lm abm 3dnowprefetch cpuid_fault epb cat_l3 invpcid_single intel_ppin ssbd mba ibrs ibpb stibp ibrs_enhanced tpr_shadow flexpriority ept vpid ept_ad fsgsbase tsc_adjust bmi1 avx2 smep bmi2 erms invpcid cqm rdt_a avx512f avx512dq rdseed adx smap avx512ifma clflushopt clwb intel_pt avx512cd sha_ni avx512bw avx512vl xsaveopt xsavec xgetbv1 xsaves cqm_llc cqm_occup_llc cqm_mbm_total cqm_mbm_local split_lock_detect wbnoinvd dtherm ida arat pln pts vnmi avx512vbmi umip pku ospke avx512_vbmi2 gfni vaes vpclmulqdq avx512_vnni avx512_bitalg tme avx512_vpopcntdq la57 rdpid fsrm md_clear pconfig flush_l1d arch_capabilities
Virtualization:                     VT-x
L1d cache:                          2.3 MiB (48 instances)
L1i cache:                          1.5 MiB (48 instances)
L2 cache:                           60 MiB (48 instances)
L3 cache:                           72 MiB (2 instances)
NUMA node(s):                       2
NUMA node0 CPU(s):                  0-23,48-71
NUMA node1 CPU(s):                  24-47,72-95
Vulnerability Gather data sampling: Mitigation; Microcode
Vulnerability Itlb multihit:        Not affected
Vulnerability L1tf:                 Not affected
Vulnerability Mds:                  Not affected
Vulnerability Meltdown:             Not affected
Vulnerability Mmio stale data:      Mitigation; Clear CPU buffers; SMT vulnerable
Vulnerability Retbleed:             Not affected
Vulnerability Spec rstack overflow: Not affected
Vulnerability Spec store bypass:    Mitigation; Speculative Store Bypass disabled via prctl
Vulnerability Spectre v1:           Mitigation; usercopy/swapgs barriers and __user pointer sanitization
Vulnerability Spectre v2:           Mitigation; Enhanced / Automatic IBRS, IBPB conditional, RSB filling, PBRSB-eIBRS SW sequence
Vulnerability Srbds:                Not affected
Vulnerability Tsx async abort:      Not affected
------------------------------------------------------------------------
Memory Information:
               total        used        free      shared  buff/cache   available
Mem:          515103       15105      187861        1247      316740      499997
Swap:              0           0           0
------------------------------------------------------------------------
Disk Space:
Filesystem                         Size  Used Avail Use% Mounted on
devtmpfs                           4.0M     0  4.0M   0% /dev
tmpfs                              252G  245M  252G   1% /dev/shm
tmpfs                              101G 1000M  100G   1% /run
/dev/mapper/rhel-root               10G  856M  9.2G   9% /
/dev/mapper/rhel-usr                35G   14G   22G  40% /usr
/dev/sda2                         1014M  369M  646M  37% /boot
/dev/sda1                          200M  7.1M  193M   4% /boot/efi
/dev/mapper/rhel-var                10G  2.2G  7.8G  22% /var
/dev/mapper/rhel-tmp                20G  183M   20G   1% /tmp
vast.hpc.wehi.edu.au:/cryoem       300T  272T   29T  91% /vast/cryoem
vast.hpc.wehi.edu.au:/scratch      550T  300T  251T  55% /vast/scratch
vast.hpc.wehi.edu.au:/ai_projects  600T   32T  569T   6% /vast/ai_projects
vast.hpc.wehi.edu.au:/imaging      200T  140T   61T  70% /vast/imaging
vast.hpc.wehi.edu.au:/projects     575T  441T  135T  77% /vast/projects
General                            504T  295T  210T  59% /stornext/General
Genomics                            64T   34T   31T  52% /stornext/Genomics
Home                                96T   40T   57T  42% /stornext/Home
ImageData                          252T  189T   64T  75% /stornext/ImageData
Img                                252T  240T   13T  95% /stornext/Img
Projects                           504T  328T  177T  65% /stornext/Projects
SBPM                                48T   25T   24T  51% /stornext/SBPM
Sysbio                              96T   63T   34T  66% /stornext/Sysbio
System                              24T  9.5T   15T  40% /stornext/System
Archive                             84T   44T   41T  53% /stornext/Archive
Bioinf                             504T  479T   26T  95% /stornext/Bioinf
------------------------------------------------------------------------
System and Kernel:
Linux il-n08.hpc.wehi.edu.au 5.14.0-362.24.1.el9_3.x86_64 #1 SMP PREEMPT_DYNAMIC Thu Feb 15 07:18:13 EST 2024 x86_64 x86_64 x86_64 GNU/Linux
------------------------------------------------------------------------
Loading R/4.5.1
  Loading requirement: libpng/1.6.43 libjpeg-turbo/3.0.2 libtiff/4.6.0
    ninja/1.11.1 bzip2/1.0.8 hdf5/1.12.3 pcre2/10.42 openjdk/21.0.2 cairo/1.19.0
Loading gdal/3.9.0
  Loading requirement: proj/9.4.0 netcdf/4.9.2 mariadb-connector-c/3.3.10
1/35                        
2/35 [global-options]       
3/35                        
4/35 [load-lib]             
5/35                        
6/35 [load-raw]             
7/35                        
8/35 [unnamed-chunk-1]      
9/35                        
10/35 [negprobes]            
11/35                        
12/35 [unnamed-chunk-2]      
13/35                        
14/35 [top3-gene-vis-xy-corr]
15/35                        
16/35 [unnamed-chunk-3]      
17/35                        
18/35 [jazzPanda-glm]        
19/35                        
20/35 [output_markergenes]   
21/35                        
22/35 [top3-gene-vis-xy-glm] 
23/35                        
24/35 [unnamed-chunk-4]      
25/35                        
26/35 [fm-mg]                
27/35                        
28/35 [limma-mg]             
29/35                        
30/35 [unnamed-chunk-5]      
31/35                        
32/35 [upset-mg-comparison]  
33/35                        
34/35 [unnamed-chunk-6]      
35/35                        
/stornext/System/data/software/rhel/9/base/tools/pandoc/3.2/bin/pandoc +RTS -K512m -RTS supplementary_application_xenium_human_lung_cancer.knit.md --to html4 --from markdown+autolink_bare_uris+tex_math_single_backslash --output supplementary_application_xenium_human_lung_cancer.html --lua-filter /stornext/Home/data/allstaff/j/jin.m/R/x86_64-pc-linux-gnu-library/4.5/rmarkdown/rmarkdown/lua/pagebreak.lua --lua-filter /stornext/Home/data/allstaff/j/jin.m/R/x86_64-pc-linux-gnu-library/4.5/rmarkdown/rmarkdown/lua/latex-div.lua --embed-resources --standalone --variable bs3=TRUE --section-divs --table-of-contents --toc-depth 3 --variable toc_float=1 --variable toc_selectors=h1,h2,h3 --variable toc_collapsed=1 --variable toc_smooth_scroll=1 --variable toc_print=1 --template /stornext/Home/data/allstaff/j/jin.m/R/x86_64-pc-linux-gnu-library/4.5/rmarkdown/rmd/h/default.html --no-highlight --variable highlightjs=1 --variable theme=bootstrap --mathjax --variable 'mathjax-url=https://mathjax.rstudio.com/latest/MathJax.js?config=TeX-AMS-MML_HTMLorMML' --include-in-header /vast/projects/xenium_5k/jazzPanda_paper/tmp.dBfC30XC4F/RtmpGSn7KQ/rmarkdown-str37fbb8853c6de.html 
------------------------------------------------------------------------
Job Completed on Wed 17 Sep 2025 05:23:22 AEST
------------------------------------------------------------------------
