------------------------------------------------------------------------
Job Started on Wed 17 Sep 2025 02:21:55 AEST
------------------------------------------------------------------------
------------------------------------------------------------------------
CPU Information:
Architecture:                       x86_64
CPU op-mode(s):                     32-bit, 64-bit
Address sizes:                      46 bits physical, 57 bits virtual
Byte Order:                         Little Endian
CPU(s):                             96
On-line CPU(s) list:                0-95
Vendor ID:                          GenuineIntel
Model name:                         Intel(R) Xeon(R) Gold 6342 CPU @ 2.80GHz
CPU family:                         6
Model:                              106
Thread(s) per core:                 2
Core(s) per socket:                 24
Socket(s):                          2
Stepping:                           6
CPU(s) scaling MHz:                 94%
CPU max MHz:                        3500.0000
CPU min MHz:                        800.0000
BogoMIPS:                           5600.00
Flags:                              fpu vme de pse tsc msr pae mce cx8 apic sep mtrr pge mca cmov pat pse36 clflush dts acpi mmx fxsr sse sse2 ss ht tm pbe syscall nx pdpe1gb rdtscp lm constant_tsc art arch_perfmon pebs bts rep_good nopl xtopology nonstop_tsc cpuid aperfmperf pni pclmulqdq dtes64 ds_cpl vmx smx est tm2 ssse3 sdbg fma cx16 xtpr pdcm pcid dca sse4_1 sse4_2 x2apic movbe popcnt tsc_deadline_timer aes xsave avx f16c rdrand lahf_lm abm 3dnowprefetch cpuid_fault epb cat_l3 invpcid_single intel_ppin ssbd mba ibrs ibpb stibp ibrs_enhanced tpr_shadow flexpriority ept vpid ept_ad fsgsbase tsc_adjust bmi1 avx2 smep bmi2 erms invpcid cqm rdt_a avx512f avx512dq rdseed adx smap avx512ifma clflushopt clwb intel_pt avx512cd sha_ni avx512bw avx512vl xsaveopt xsavec xgetbv1 xsaves cqm_llc cqm_occup_llc cqm_mbm_total cqm_mbm_local split_lock_detect wbnoinvd dtherm ida arat pln pts vnmi avx512vbmi umip pku ospke avx512_vbmi2 gfni vaes vpclmulqdq avx512_vnni avx512_bitalg tme avx512_vpopcntdq la57 rdpid fsrm md_clear pconfig flush_l1d arch_capabilities
Virtualization:                     VT-x
L1d cache:                          2.3 MiB (48 instances)
L1i cache:                          1.5 MiB (48 instances)
L2 cache:                           60 MiB (48 instances)
L3 cache:                           72 MiB (2 instances)
NUMA node(s):                       2
NUMA node0 CPU(s):                  0-23,48-71
NUMA node1 CPU(s):                  24-47,72-95
Vulnerability Gather data sampling: Mitigation; Microcode
Vulnerability Itlb multihit:        Not affected
Vulnerability L1tf:                 Not affected
Vulnerability Mds:                  Not affected
Vulnerability Meltdown:             Not affected
Vulnerability Mmio stale data:      Mitigation; Clear CPU buffers; SMT vulnerable
Vulnerability Retbleed:             Not affected
Vulnerability Spec rstack overflow: Not affected
Vulnerability Spec store bypass:    Mitigation; Speculative Store Bypass disabled via prctl
Vulnerability Spectre v1:           Mitigation; usercopy/swapgs barriers and __user pointer sanitization
Vulnerability Spectre v2:           Mitigation; Enhanced / Automatic IBRS, IBPB conditional, RSB filling, PBRSB-eIBRS SW sequence
Vulnerability Srbds:                Not affected
Vulnerability Tsx async abort:      Not affected
------------------------------------------------------------------------
Memory Information:
               total        used        free      shared  buff/cache   available
Mem:          515103       16499      192121        1634      311474      498603
Swap:              0           0           0
------------------------------------------------------------------------
System and Kernel:
Linux il-n04.hpc.wehi.edu.au 5.14.0-362.24.1.el9_3.x86_64 #1 SMP PREEMPT_DYNAMIC Thu Feb 15 07:18:13 EST 2024 x86_64 x86_64 x86_64 GNU/Linux
------------------------------------------------------------------------
Loading R/4.5.1
  Loading requirement: libpng/1.6.43 libjpeg-turbo/3.0.2 libtiff/4.6.0
    ninja/1.11.1 bzip2/1.0.8 hdf5/1.12.3 pcre2/10.42 openjdk/21.0.2 cairo/1.19.0
Loading gdal/3.9.0
  Loading requirement: proj/9.4.0 netcdf/4.9.2 mariadb-connector-c/3.3.10
Number of cells in cancer and normal samples:  793318Total number of cells remaining after removing low quality cells:  792953             used    (Mb)  gc trigger     (Mb)   max used    (Mb)
Ncells   10002439   534.2    17539361    936.8   10002439   534.2
Vcells 8916222699 68025.4 14056909775 107245.8 8916222699 68025.4
loading transcript coordinates data for 1000 genes and 460169 cells took 23.12988 GB memorycurr_size = 10 
             used    (Mb) gc trigger    (Mb)   max used    (Mb)
Ncells    9857390   526.5   17539361   936.8    9857390   526.5
Vcells 1510945039 11527.6 4245081520 32387.5 1510945039 11527.6
creating vectors for 1000 genes and 13 clusters with 10 x 10 tiles took 46.02004 mins and 0.00039 GB memory             used    (Mb) gc trigger    (Mb)   max used    (Mb)
Ncells    9860115   526.6   17539361   936.8    9860115   526.6
Vcells 1511002163 11528.1 4245081520 32387.5 1511002163 11528.1
jazzPanda-linear model took 0.7795742 mins and 0.00254 GB memory 
------------------------------------------------------------------------
Job Completed on Wed 17 Sep 2025 03:52:48 AEST
------------------------------------------------------------------------
