/var/spool/slurmd/job23550022/slurm_script: line 33: msg: command not found
/var/spool/slurmd/job23550022/slurm_script: line 34: msg: command not found
/var/spool/slurmd/job23550022/slurm_script: line 35: msg: command not found
/var/spool/slurmd/job23550022/slurm_script: line 36: msg: command not found
/var/spool/slurmd/job23550022/slurm_script: line 37: msg: command not found
/var/spool/slurmd/job23550022/slurm_script: line 38: msg: command not found
/var/spool/slurmd/job23550022/slurm_script: line 39: msg: command not found
/var/spool/slurmd/job23550022/slurm_script: line 40: msg: command not found
Warning message:
package ‘jazzPanda’ was built under R version 4.5.1 
Loading required package: SingleCellExperiment
Loading required package: SummarizedExperiment
Loading required package: MatrixGenerics
Loading required package: matrixStats

Attaching package: ‘MatrixGenerics’

The following objects are masked from ‘package:matrixStats’:

    colAlls, colAnyNAs, colAnys, colAvgsPerRowSet, colCollapse,
    colCounts, colCummaxs, colCummins, colCumprods, colCumsums,
    colDiffs, colIQRDiffs, colIQRs, colLogSumExps, colMadDiffs,
    colMads, colMaxs, colMeans2, colMedians, colMins, colOrderStats,
    colProds, colQuantiles, colRanges, colRanks, colSdDiffs, colSds,
    colSums2, colTabulates, colVarDiffs, colVars, colWeightedMads,
    colWeightedMeans, colWeightedMedians, colWeightedSds,
    colWeightedVars, rowAlls, rowAnyNAs, rowAnys, rowAvgsPerColSet,
    rowCollapse, rowCounts, rowCummaxs, rowCummins, rowCumprods,
    rowCumsums, rowDiffs, rowIQRDiffs, rowIQRs, rowLogSumExps,
    rowMadDiffs, rowMads, rowMaxs, rowMeans2, rowMedians, rowMins,
    rowOrderStats, rowProds, rowQuantiles, rowRanges, rowRanks,
    rowSdDiffs, rowSds, rowSums2, rowTabulates, rowVarDiffs, rowVars,
    rowWeightedMads, rowWeightedMeans, rowWeightedMedians,
    rowWeightedSds, rowWeightedVars

Loading required package: GenomicRanges
Loading required package: stats4
Loading required package: BiocGenerics
Loading required package: generics

Attaching package: ‘generics’

The following objects are masked from ‘package:base’:

    as.difftime, as.factor, as.ordered, intersect, is.element, setdiff,
    setequal, union


Attaching package: ‘BiocGenerics’

The following objects are masked from ‘package:stats’:

    IQR, mad, sd, var, xtabs

The following objects are masked from ‘package:base’:

    anyDuplicated, aperm, append, as.data.frame, basename, cbind,
    colnames, dirname, do.call, duplicated, eval, evalq, Filter, Find,
    get, grep, grepl, is.unsorted, lapply, Map, mapply, match, mget,
    order, paste, pmax, pmax.int, pmin, pmin.int, Position, rank,
    rbind, Reduce, rownames, sapply, saveRDS, table, tapply, unique,
    unsplit, which.max, which.min

Loading required package: S4Vectors

Attaching package: ‘S4Vectors’

The following object is masked from ‘package:utils’:

    findMatches

The following objects are masked from ‘package:base’:

    expand.grid, I, unname

Loading required package: IRanges
Loading required package: GenomeInfoDb
Loading required package: Biobase
Welcome to Bioconductor

    Vignettes contain introductory material; view with
    'browseVignettes()'. To cite Bioconductor, see
    'citation("Biobase")', and for packages 'citation("pkgname")'.


Attaching package: ‘Biobase’

The following object is masked from ‘package:MatrixGenerics’:

    rowMedians

The following objects are masked from ‘package:matrixStats’:

    anyMissing, rowMedians

Warning message:
package ‘GenomeInfoDb’ was built under R version 4.5.1 
Loading required package: SeuratObject
Loading required package: sp

Attaching package: ‘sp’

The following object is masked from ‘package:IRanges’:

    %over%


Attaching package: ‘SeuratObject’

The following object is masked from ‘package:SummarizedExperiment’:

    Assays

The following object is masked from ‘package:GenomicRanges’:

    intersect

The following object is masked from ‘package:GenomeInfoDb’:

    intersect

The following object is masked from ‘package:IRanges’:

    intersect

The following object is masked from ‘package:S4Vectors’:

    intersect

The following object is masked from ‘package:BiocGenerics’:

    intersect

The following objects are masked from ‘package:base’:

    intersect, t

Registered S3 method overwritten by 'spatstat.explore':
  method   from
  plot.roc pROC

Attaching package: ‘Seurat’

The following object is masked from ‘package:SummarizedExperiment’:

    Assays

Warning message:
package ‘SeuratObject’ was built under R version 4.5.1 

Attaching package: ‘data.table’

The following object is masked from ‘package:SummarizedExperiment’:

    shift

The following object is masked from ‘package:GenomicRanges’:

    shift

The following object is masked from ‘package:IRanges’:

    shift

The following objects are masked from ‘package:S4Vectors’:

    first, second

Warning message:
package ‘data.table’ was built under R version 4.5.1 
Loading required package: spatstat.data
Loading required package: spatstat.univar
spatstat.univar 3.1-4
Loading required package: spatstat.geom
spatstat.geom 3.5-0

Attaching package: ‘spatstat.geom’

The following object is masked from ‘package:data.table’:

    shift

The following object is masked from ‘package:SummarizedExperiment’:

    shift

The following object is masked from ‘package:GenomicRanges’:

    shift

The following objects are masked from ‘package:IRanges’:

    reflect, shift

Loading required package: spatstat.random
spatstat.random 3.4-1
Loading required package: spatstat.explore
Loading required package: nlme

Attaching package: ‘nlme’

The following object is masked from ‘package:IRanges’:

    collapse

spatstat.explore 3.5-2
Loading required package: spatstat.model
Loading required package: rpart

Attaching package: ‘rpart’

The following object is masked from ‘package:generics’:

    prune

spatstat.model 3.4-0
Loading required package: spatstat.linnet
spatstat.linnet 3.3-1

spatstat 3.4-0 
For an introduction to spatstat, type ‘beginner’ 

Warning messages:
1: package ‘spatstat’ was built under R version 4.5.1 
2: package ‘spatstat.data’ was built under R version 4.5.1 
3: package ‘spatstat.univar’ was built under R version 4.5.1 
4: package ‘spatstat.geom’ was built under R version 4.5.1 
5: package ‘spatstat.explore’ was built under R version 4.5.1 
6: package ‘spatstat.model’ was built under R version 4.5.1 
7: package ‘spatstat.linnet’ was built under R version 4.5.1 

Attaching package: ‘dplyr’

The following object is masked from ‘package:nlme’:

    collapse

The following objects are masked from ‘package:data.table’:

    between, first, last

The following object is masked from ‘package:Biobase’:

    combine

The following objects are masked from ‘package:GenomicRanges’:

    intersect, setdiff, union

The following object is masked from ‘package:GenomeInfoDb’:

    intersect

The following objects are masked from ‘package:IRanges’:

    collapse, desc, intersect, setdiff, slice, union

The following objects are masked from ‘package:S4Vectors’:

    first, intersect, rename, setdiff, setequal, union

The following objects are masked from ‘package:BiocGenerics’:

    combine, intersect, setdiff, setequal, union

The following object is masked from ‘package:generics’:

    explain

The following object is masked from ‘package:matrixStats’:

    count

The following objects are masked from ‘package:stats’:

    filter, lag

The following objects are masked from ‘package:base’:

    intersect, setdiff, setequal, union

Loading required package: Matrix

Attaching package: ‘Matrix’

The following object is masked from ‘package:S4Vectors’:

    expand

Loaded glmnet 4.1-10
Warning message:
package ‘glmnet’ was built under R version 4.5.1 
Loading required package: lattice

Attaching package: ‘lattice’

The following object is masked from ‘package:spatstat.model’:

    panel.histogram

The following object is masked from ‘package:spatstat.explore’:

    panel.histogram


Attaching package: ‘caret’

The following object is masked from ‘package:generics’:

    train


Attaching package: ‘tidyr’

The following objects are masked from ‘package:Matrix’:

    expand, pack, unpack

The following object is masked from ‘package:S4Vectors’:

    expand

10X data contains more than one type and is being returned as a list containing matrices of each type.
10X data contains more than one type and is being returned as a list containing matrices of each type.
Warning messages:
1: 2 points were rejected as lying outside the specified window 
2: 2 points were rejected as lying outside the specified window 
